[MASTER] 08:38:23.633 [logback-2] ERROR TestCaseExecutor - ExecutionException (this is likely a serious error in the framework)
java.util.concurrent.ExecutionException: org.evosuite.dse.VMError: An error occurred while executing the DSE instrumentation.
	at java.util.concurrent.FutureTask.report(FutureTask.java:122)
	at java.util.concurrent.FutureTask.get(FutureTask.java:206)
	at org.evosuite.testcase.execution.TimeoutHandler.executeWithTimeout(TimeoutHandler.java:107)
	at org.evosuite.testcase.execution.TimeoutHandler.execute(TimeoutHandler.java:96)
	at org.evosuite.testcase.execution.TestCaseExecutor.execute(TestCaseExecutor.java:332)
	at org.evosuite.testcase.execution.TestCaseExecutor.execute(TestCaseExecutor.java:275)
	at org.evosuite.symbolic.dse.ConcolicExecutorImpl.executeTestCase(ConcolicExecutorImpl.java:155)
	at org.evosuite.symbolic.dse.ConcolicExecutorImpl.execute(ConcolicExecutorImpl.java:124)
	at org.evosuite.symbolic.dse.algorithm.ExplorationAlgorithm.executeTestCaseConcolically(ExplorationAlgorithm.java:524)
	at org.evosuite.symbolic.dse.algorithm.ExplorationAlgorithm.explore(ExplorationAlgorithm.java:271)
	at org.evosuite.symbolic.dse.algorithm.ExplorationAlgorithm.explore(ExplorationAlgorithm.java:230)
	at org.evosuite.symbolic.dse.DSEStrategy.generateTests(DSEStrategy.java:109)
	at org.evosuite.TestSuiteGenerator.generateTests(TestSuiteGenerator.java:642)
	at org.evosuite.TestSuiteGenerator.generateTestSuite(TestSuiteGenerator.java:220)
	at org.evosuite.rmi.service.ClientNodeImpl.lambda$startNewSearch$0(ClientNodeImpl.java:150)
	at java.util.concurrent.Executors$RunnableAdapter.call(Executors.java:511)
	at java.util.concurrent.FutureTask.run(FutureTask.java:266)
	at java.util.concurrent.ThreadPoolExecutor.runWorker(ThreadPoolExecutor.java:1149)
	at java.util.concurrent.ThreadPoolExecutor$Worker.run(ThreadPoolExecutor.java:624)
	at java.lang.Thread.run(Thread.java:748)
Caused by: org.evosuite.dse.VMError: An error occurred while executing the DSE instrumentation.
	at org.evosuite.dse.VM.handleException(VM.java:199)
	at org.evosuite.dse.VM.INVOKEVIRTUAL(VM.java:3490)
	at ch.qos.logback.core.joran.event.SaxEventRecorder.recordEvents(SaxEventRecorder.java:59)
	at ch.qos.logback.core.joran.GenericConfigurator.doConfigure(GenericConfigurator.java:151)
	at ch.qos.logback.core.joran.GenericConfigurator.doConfigure(GenericConfigurator.java:110)
	at ch.qos.logback.core.joran.GenericConfigurator.doConfigure(GenericConfigurator.java:53)
	at ch.qos.logback.classic.util.ContextInitializer.configureByResource(ContextInitializer.java:75)
	at ch.qos.logback.classic.util.ContextInitializer.autoConfig(ContextInitializer.java:150)
	at org.slf4j.impl.StaticLoggerBinder.init(StaticLoggerBinder.java:84)
	at org.slf4j.impl.StaticLoggerBinder.<clinit>(StaticLoggerBinder.java)
	at org.slf4j.LoggerFactory.bind(LoggerFactory.java:150)
	at org.slf4j.LoggerFactory.performInitialization(LoggerFactory.java:124)
	at org.slf4j.LoggerFactory.getILoggerFactory(LoggerFactory.java:417)
	at org.slf4j.LoggerFactory.getLogger(LoggerFactory.java:362)
	at org.slf4j.LoggerFactory.getLogger(LoggerFactory.java:388)
	at com.alibaba.fescar.core.rpc.netty.AbstractRpcRemoting.<clinit>(AbstractRpcRemoting.java)
	at sun.reflect.NativeMethodAccessorImpl.invoke0(Native Method)
	at sun.reflect.NativeMethodAccessorImpl.invoke(NativeMethodAccessorImpl.java:62)
	at sun.reflect.DelegatingMethodAccessorImpl.invoke(DelegatingMethodAccessorImpl.java:43)
	at java.lang.reflect.Method.invoke(Method.java:498)
	at org.evosuite.testcase.statements.MethodStatement$1.execute(MethodStatement.java:261)
	at org.evosuite.testcase.statements.AbstractStatement.exceptionHandler(AbstractStatement.java:172)
	at org.evosuite.testcase.statements.MethodStatement.execute(MethodStatement.java:224)
	at org.evosuite.testcase.execution.TestRunnable.executeStatements(TestRunnable.java:295)
	at org.evosuite.testcase.execution.TestRunnable.call(TestRunnable.java:201)
	at org.evosuite.testcase.execution.TestRunnable.call(TestRunnable.java:54)
	... 4 common frames omitted
Caused by: java.lang.IllegalArgumentException: Failed to resolve com.sun.org.apache.xerces.internal.jaxp.SAXParserImpl.parse
	at org.evosuite.symbolic.vm.CallVM.resolveMethodOverloading(CallVM.java:1029)
	at org.evosuite.symbolic.vm.CallVM.methodCall(CallVM.java:1088)
	at org.evosuite.symbolic.vm.CallVM.INVOKEVIRTUAL(CallVM.java:559)
	at org.evosuite.dse.VM.INVOKEVIRTUAL(VM.java:3488)
	... 28 common frames omitted
[MASTER] 08:38:23.639 [logback-2] ERROR ClientNodeImpl - Error when generating tests for: com.alibaba.fescar.core.rpc.netty.TmRpcClient with seed 1613119078763. Configuration id : null
org.evosuite.dse.VMError: An error occurred while executing the DSE instrumentation.
	at org.evosuite.dse.VM.handleException(VM.java:199)
	at org.evosuite.dse.VM.INVOKEVIRTUAL(VM.java:3490)
	at ch.qos.logback.core.joran.event.SaxEventRecorder.recordEvents(SaxEventRecorder.java:59)
	at ch.qos.logback.core.joran.GenericConfigurator.doConfigure(GenericConfigurator.java:151)
	at ch.qos.logback.core.joran.GenericConfigurator.doConfigure(GenericConfigurator.java:110)
	at ch.qos.logback.core.joran.GenericConfigurator.doConfigure(GenericConfigurator.java:53)
	at ch.qos.logback.classic.util.ContextInitializer.configureByResource(ContextInitializer.java:75)
	at ch.qos.logback.classic.util.ContextInitializer.autoConfig(ContextInitializer.java:150)
	at org.slf4j.impl.StaticLoggerBinder.init(StaticLoggerBinder.java:84)
	at org.slf4j.impl.StaticLoggerBinder.<clinit>(StaticLoggerBinder.java)
	at org.slf4j.LoggerFactory.bind(LoggerFactory.java:150)
	at org.slf4j.LoggerFactory.performInitialization(LoggerFactory.java:124)
	at org.slf4j.LoggerFactory.getILoggerFactory(LoggerFactory.java:417)
	at org.slf4j.LoggerFactory.getLogger(LoggerFactory.java:362)
	at org.slf4j.LoggerFactory.getLogger(LoggerFactory.java:388)
	at com.alibaba.fescar.core.rpc.netty.AbstractRpcRemoting.<clinit>(AbstractRpcRemoting.java)
	at sun.reflect.NativeMethodAccessorImpl.invoke0(Native Method)
	at sun.reflect.NativeMethodAccessorImpl.invoke(NativeMethodAccessorImpl.java:62)
	at sun.reflect.DelegatingMethodAccessorImpl.invoke(DelegatingMethodAccessorImpl.java:43)
	at java.lang.reflect.Method.invoke(Method.java:498)
	at org.evosuite.testcase.statements.MethodStatement$1.execute(MethodStatement.java:261)
	at org.evosuite.testcase.statements.AbstractStatement.exceptionHandler(AbstractStatement.java:172)
	at org.evosuite.testcase.statements.MethodStatement.execute(MethodStatement.java:224)
	at org.evosuite.testcase.execution.TestRunnable.executeStatements(TestRunnable.java:295)
	at org.evosuite.testcase.execution.TestRunnable.call(TestRunnable.java:201)
	at org.evosuite.testcase.execution.TestRunnable.call(TestRunnable.java:54)
	at java.util.concurrent.FutureTask.run(FutureTask.java:266)
	at java.util.concurrent.ThreadPoolExecutor.runWorker(ThreadPoolExecutor.java:1149)
	at java.util.concurrent.ThreadPoolExecutor$Worker.run(ThreadPoolExecutor.java:624)
	at java.lang.Thread.run(Thread.java:748)
Caused by: java.lang.IllegalArgumentException: Failed to resolve com.sun.org.apache.xerces.internal.jaxp.SAXParserImpl.parse
	at org.evosuite.symbolic.vm.CallVM.resolveMethodOverloading(CallVM.java:1029)
	at org.evosuite.symbolic.vm.CallVM.methodCall(CallVM.java:1088)
	at org.evosuite.symbolic.vm.CallVM.INVOKEVIRTUAL(CallVM.java:559)
	at org.evosuite.dse.VM.INVOKEVIRTUAL(VM.java:3488)
	... 28 common frames omitted
